<?xml version="1.0" encoding="UTF-8"?>
<!-- Generated by org.testng.reporters.JUnitReportReporter -->
<testsuite hostname="DESKTOP-87D824R" failures="0" tests="1" name="SeleniumTest" time="9.504" errors="0" timestamp="06 нояб. 2020 13:29:25 GMT" skipped="0">
  <testcase classname="SeleniumTest" name="testSelenium" time="9.504"/>
</testsuite> <!-- SeleniumTest -->
