<?xml version="1.0" encoding="UTF-8"?>
<!-- Generated by org.testng.reporters.JUnitReportReporter -->
<testsuite hostname="DESKTOP-87D824R" failures="0" tests="1" name="AutoTestJava2.SeleniumTest" time="8.894" errors="0" timestamp="06 нояб. 2020 12:22:25 GMT" skipped="0">
  <testcase classname="AutoTestJava2.SeleniumTest" name="testSelenium" time="8.894"/>
</testsuite> <!-- AutoTestJava2.SeleniumTest -->
