<?xml version="1.0" encoding="UTF-8"?>
<!-- Generated by org.testng.reporters.JUnitReportReporter -->
<testsuite hostname="DESKTOP-87D824R" failures="0" tests="1" name="AutoTestJava.SimpelTest" time="0.018" errors="0" timestamp="30 окт. 2020 10:23:36 GMT" skipped="0">
  <testcase classname="AutoTestJava.SimpelTest" name="resultAdd" time="0.018"/>
</testsuite> <!-- AutoTestJava.SimpelTest -->
