<?xml version="1.0" encoding="UTF-8"?>
<!-- Generated by org.testng.reporters.JUnitReportReporter -->
<testsuite hostname="DESKTOP-87D824R" failures="0" tests="6" name="AutoTestJava2.SimpleTest" time="0.011" errors="0" timestamp="2020-11-10T17:36:58 EET" skipped="0">
  <testcase classname="AutoTestJava2.SimpleTest" name="resultScalbl" time="0.000"/>
  <system-out/>
  <testcase classname="AutoTestJava2.SimpleTest" name="resultMultiplication" time="0.000"/>
  <system-out/>
  <testcase classname="AutoTestJava2.SimpleTest" name="resultAdvision" time="0.001"/>
  <system-out/>
  <testcase classname="AutoTestJava2.SimpleTest" name="resultAdd" time="0.009"/>
  <system-out/>
  <testcase classname="AutoTestJava2.SimpleTest" name="resultSubstation" time="0.001"/>
  <system-out/>
  <testcase classname="AutoTestJava2.SimpleTest" name="resultSqearRoot" time="0.000"/>
  <system-out/>
</testsuite> <!-- AutoTestJava2.SimpleTest -->
