<?xml version="1.0" encoding="UTF-8"?>
<!-- Generated by org.testng.reporters.JUnitReportReporter -->
<testsuite hostname="DESKTOP-87D824R" failures="0" tests="1" name="AutoTestJava.TestSeleniumPage" time="8.587" errors="0" timestamp="06 нояб. 2020 11:33:41 GMT" skipped="0">
  <testcase classname="AutoTestJava.TestSeleniumPage" name="testSelenium" time="8.587"/>
</testsuite> <!-- AutoTestJava.TestSeleniumPage -->
