<?xml version="1.0" encoding="UTF-8"?>
<!-- Generated by org.testng.reporters.JUnitReportReporter -->
<testsuite hostname="DESKTOP-87D824R" failures="0" tests="1" name="AutoTestJava2.TestSeleniumPage" time="8.864" errors="0" timestamp="06 нояб. 2020 12:03:32 GMT" skipped="0">
  <testcase classname="AutoTestJava2.TestSeleniumPage" name="testSelenium" time="8.864"/>
</testsuite> <!-- AutoTestJava2.TestSeleniumPage -->
