<?xml version="1.0" encoding="UTF-8"?>
<!-- Generated by org.testng.reporters.JUnitReportReporter -->
<testsuite hostname="DESKTOP-87D824R" failures="0" tests="6" name="AutoTestJava.SimpleTest" time="0.018" errors="0" timestamp="06 нояб. 2020 11:33:41 GMT" skipped="0">
  <testcase classname="AutoTestJava.SimpleTest" name="resultAdvision" time="0.000"/>
  <testcase classname="AutoTestJava.SimpleTest" name="resultAdd" time="0.017"/>
  <testcase classname="AutoTestJava.SimpleTest" name="resultScalbl" time="0.000"/>
  <testcase classname="AutoTestJava.SimpleTest" name="resultSubstation" time="0.000"/>
  <testcase classname="AutoTestJava.SimpleTest" name="resultSqearRoot" time="0.000"/>
  <testcase classname="AutoTestJava.SimpleTest" name="resultMultiplication" time="0.001"/>
</testsuite> <!-- AutoTestJava.SimpleTest -->
